<?xml version="1.0" encoding="UTF-8"?>
<!-- Generated by org.testng.reporters.JUnitReportReporter -->
<testsuite skipped="0" hostname="CLAP621" name="Record1" tests="1" failures="0" timestamp="2020-11-12T17:07:15 IST" time="12.211" errors="0">
  <testcase name="testRecord" time="12.211" classname="Record1"/>
  <system-out/>
</testsuite> <!-- Record1 -->
