<?xml version="1.0" encoding="UTF-8"?>
<!-- Generated by org.testng.reporters.JUnitReportReporter -->
<testsuite skipped="0" hostname="CLAP621" name="Check.NewTest$Test4" tests="1" failures="0" timestamp="2020-11-05T14:08:25 IST" time="4.311" errors="0">
  <testcase name="run" time="4.311" classname="Check.NewTest$Test4"/>
  <system-out/>
</testsuite> <!-- Check.NewTest$Test4 -->
