<?xml version="1.0" encoding="UTF-8"?>
<!-- Generated by org.testng.reporters.JUnitReportReporter -->
<testsuite skipped="0" hostname="CLAP621" name="Properties.TestNG" tests="1" failures="0" timestamp="2020-11-06T16:12:37 IST" time="2.712" errors="0">
  <testcase name="run" time="2.712" classname="Properties.TestNG"/>
  <system-out/>
</testsuite> <!-- Properties.TestNG -->
