<?xml version="1.0" encoding="UTF-8"?>
<!-- Generated by org.testng.reporters.JUnitReportReporter -->
<testsuite skipped="0" hostname="CLAP621" name="Check.NewTest" tests="1" failures="0" timestamp="2020-11-06T14:55:04 IST" time="3.367" errors="0">
  <testcase name="run" time="3.367" classname="Check.NewTest"/>
  <system-out/>
</testsuite> <!-- Check.NewTest -->
